=== Job 34862744 (array task 15) started at Fri Mar 27 09:18:59 AM CET 2026 ===
Node: gpusrv33.scidom.de, GPU: MIG-16007a59-529c-5576-835b-d41589ac37ab
Configuration: model=borzoi_v1, pooling=max, region=full
Output: /lustre/groups/ml01/workspace/goncalo.pinto/embpy/data/dna_embeddings/borzoi_v1/full_max.npz
2026-03-27 09:20:48,484 [INFO] ======================================================================
2026-03-27 09:20:48,485 [INFO] Full Genome DNA Embedding
2026-03-27 09:20:48,485 [INFO] ======================================================================
2026-03-27 09:20:48,485 [INFO] Model:    borzoi_v1
2026-03-27 09:20:48,485 [INFO] Pooling:  max
2026-03-27 09:20:48,485 [INFO] Region:   full
2026-03-27 09:20:48,485 [INFO] Organism: human
2026-03-27 09:20:48,485 [INFO] Biotype:  protein_coding
2026-03-27 09:20:48,485 [INFO] Output:   /lustre/groups/ml01/workspace/goncalo.pinto/embpy/data/dna_embeddings/borzoi_v1/full_max.npz
2026-03-27 09:20:48,485 [INFO] ======================================================================
2026-03-27 09:20:48,744 [INFO] Using device: cuda
2026-03-27 09:26:45,167 [INFO] Initializing BioEmbedder with device=cuda
2026-03-27 09:26:45,168 [INFO] GeneResolver initialized for human (Release 109).
2026-03-27 09:26:47,358 [INFO] Checking if Ensembl data needs downloading/indexing...
2026-03-27 09:26:48,634 [INFO] Loaded sequence dictionary from /home/icb/goncalo.pinto/.cache/pyensembl/GRCh38/ensembl109/Homo_sapiens.GRCh38.cdna.all.fa.gz.pickle
2026-03-27 09:26:48,914 [INFO] Loaded sequence dictionary from /home/icb/goncalo.pinto/.cache/pyensembl/GRCh38/ensembl109/Homo_sapiens.GRCh38.ncrna.fa.gz.pickle
2026-03-27 09:26:49,122 [INFO] Loaded sequence dictionary from /home/icb/goncalo.pinto/.cache/pyensembl/GRCh38/ensembl109/Homo_sapiens.GRCh38.pep.all.fa.gz.pickle
2026-03-27 09:26:49,124 [INFO] pyensembl data is ready.
2026-03-27 09:26:49,124 [INFO] BioEmbedder initialized on device cuda, backend=api
2026-03-27 09:26:49,124 [INFO] Available models: ['atom_pair_count_fp', 'atom_pair_fp', 'bert_base_uncased', 'borzoi_v0', 'borzoi_v1', 'caduceus_ph_131k', 'caduceus_ps_131k', 'chemberta2MLM', 'chemberta2MTR', 'enformer_human_rough', 'esm2_150M', 'esm2_35M', 'esm2_3B', 'esm2_650M', 'esm2_8M', 'esmc_300m', 'esmc_600m', 'evo1.5_8k', 'evo1_131k', 'evo1_8k', 'evo1_crispr', 'evo1_transposon', 'evo2_1b_base', 'evo2_40b', 'evo2_7b', 'evo2_7b_base', 'gena_lm_bert_base', 'gena_lm_bert_base_multi', 'gena_lm_bert_large', 'gena_lm_bigbird_base', 'hyenadna_large_1m', 'hyenadna_medium_160k', 'hyenadna_medium_450k', 'hyenadna_small_32k', 'hyenadna_tiny_1k', 'maccs_fp', 'mhg_gnn', 'minilm_l6_v2', 'minimol', 'mole', 'molformer_base', 'morgan_count_fp', 'morgan_fp', 'nt_2b5_1000g', 'nt_2b5_multi', 'nt_500m_1000g', 'nt_500m_human_ref', 'nt_v2_100m', 'nt_v2_250m', 'nt_v2_500m', 'nt_v2_50m', 'ntv3_100m_pos', 'ntv3_100m_pre', 'ntv3_650m_pos', 'ntv3_650m_pre', 'ntv3_8m_pre', 'prot_t5_xl', 'prot_t5_xl_half', 'rdkit_fp', 'torsion_count_fp', 'torsion_fp']
2026-03-27 09:26:49,124 [INFO] Fetching all protein_coding genes for human...
2026-03-27 09:26:49,125 [INFO] Querying metadata from Release 109...
2026-03-27 09:27:26,254 [INFO] Filtering for biotype: 'protein_coding'
2026-03-27 09:27:26,261 [INFO] Found 20048 genes. Starting REST API downloads...
2026-03-27 09:27:26,261 [WARNING] This involves ~20048 network requests.
2026-03-27 09:27:41,752 [ERROR] Error fetching DNA sequence from Ensembl for 'ENSG00000000457': 429 Client Error: Too Many Requests for url: https://rest.ensembl.org/sequence/id/ENSG00000000457?type=genomic
2026-03-27 09:27:41,958 [ERROR] Error fetching DNA sequence from Ensembl for 'ENSG00000000460': 429 Client Error: Too Many Requests for url: https://rest.ensembl.org/lookup/id/ENSG00000000460?expand=1
2026-03-27 09:28:30,916 [ERROR] Error fetching DNA sequence from Ensembl for 'ENSG00000002587': 429 Client Error: Too Many Requests for url: https://rest.ensembl.org/sequence/id/ENSG00000002587?type=genomic
2026-03-27 09:28:42,888 [ERROR] Error fetching DNA sequence from Ensembl for 'ENSG00000002746': 429 Client Error: Too Many Requests for url: https://rest.ensembl.org/sequence/id/ENSG00000002746?type=genomic
2026-03-27 09:33:07,384 [INFO] Fetched 100/20048 sequences...
2026-03-27 09:39:55,055 [INFO] Fetched 200/20048 sequences...
2026-03-27 09:47:28,918 [ERROR] Error fetching DNA sequence from Ensembl for 'ENSG00000011132': 429 Client Error: Too Many Requests for url: https://rest.ensembl.org/sequence/id/ENSG00000011132?type=genomic
2026-03-27 09:49:39,619 [INFO] Fetched 300/20048 sequences...
2026-03-27 09:58:01,630 [INFO] Fetched 400/20048 sequences...
2026-03-27 10:07:21,948 [ERROR] Error fetching DNA sequence from Ensembl for 'ENSG00000033122': 429 Client Error: Too Many Requests for url: https://rest.ensembl.org/sequence/id/ENSG00000033122?type=genomic
2026-03-27 10:07:29,945 [INFO] Fetched 500/20048 sequences...
2026-03-27 10:14:51,335 [INFO] Fetched 600/20048 sequences...
2026-03-27 10:22:47,109 [INFO] Fetched 700/20048 sequences...
2026-03-27 10:29:47,462 [INFO] Fetched 800/20048 sequences...
2026-03-27 10:33:10,982 [ERROR] Error fetching DNA sequence from Ensembl for 'ENSG00000062725': 429 Client Error: Too Many Requests for url: https://rest.ensembl.org/sequence/id/ENSG00000062725?type=genomic
2026-03-27 10:36:37,719 [INFO] Fetched 900/20048 sequences...
2026-03-27 10:43:29,194 [INFO] Fetched 1000/20048 sequences...
