=== Job 34862730 (array task 1) started at Fri Mar 27 09:18:59 AM CET 2026 ===
Node: gpusrv27.scidom.de, GPU: MIG-3d96e30e-93bf-51a3-956c-f1a657de4a09
Configuration: model=enformer_human_rough, pooling=mean, region=exons
Output: /lustre/groups/ml01/workspace/goncalo.pinto/embpy/data/dna_embeddings/enformer_human_rough/exons_mean.npz
2026-03-27 09:20:48,485 [INFO] ======================================================================
2026-03-27 09:20:48,485 [INFO] Full Genome DNA Embedding
2026-03-27 09:20:48,485 [INFO] ======================================================================
2026-03-27 09:20:48,485 [INFO] Model:    enformer_human_rough
2026-03-27 09:20:48,485 [INFO] Pooling:  mean
2026-03-27 09:20:48,485 [INFO] Region:   exons
2026-03-27 09:20:48,485 [INFO] Organism: human
2026-03-27 09:20:48,485 [INFO] Biotype:  protein_coding
2026-03-27 09:20:48,485 [INFO] Output:   /lustre/groups/ml01/workspace/goncalo.pinto/embpy/data/dna_embeddings/enformer_human_rough/exons_mean.npz
2026-03-27 09:20:48,485 [INFO] ======================================================================
2026-03-27 09:20:48,770 [INFO] Using device: cuda
2026-03-27 09:26:45,167 [INFO] Initializing BioEmbedder with device=cuda
2026-03-27 09:26:45,200 [INFO] GeneResolver initialized for human (Release 109).
2026-03-27 09:26:47,358 [INFO] Checking if Ensembl data needs downloading/indexing...
2026-03-27 09:26:48,404 [INFO] Loaded sequence dictionary from /home/icb/goncalo.pinto/.cache/pyensembl/GRCh38/ensembl109/Homo_sapiens.GRCh38.cdna.all.fa.gz.pickle
2026-03-27 09:26:48,671 [INFO] Loaded sequence dictionary from /home/icb/goncalo.pinto/.cache/pyensembl/GRCh38/ensembl109/Homo_sapiens.GRCh38.ncrna.fa.gz.pickle
2026-03-27 09:26:48,867 [INFO] Loaded sequence dictionary from /home/icb/goncalo.pinto/.cache/pyensembl/GRCh38/ensembl109/Homo_sapiens.GRCh38.pep.all.fa.gz.pickle
2026-03-27 09:26:48,868 [INFO] pyensembl data is ready.
2026-03-27 09:26:48,869 [INFO] BioEmbedder initialized on device cuda, backend=api
2026-03-27 09:26:48,869 [INFO] Available models: ['atom_pair_count_fp', 'atom_pair_fp', 'bert_base_uncased', 'borzoi_v0', 'borzoi_v1', 'caduceus_ph_131k', 'caduceus_ps_131k', 'chemberta2MLM', 'chemberta2MTR', 'enformer_human_rough', 'esm2_150M', 'esm2_35M', 'esm2_3B', 'esm2_650M', 'esm2_8M', 'esmc_300m', 'esmc_600m', 'evo1.5_8k', 'evo1_131k', 'evo1_8k', 'evo1_crispr', 'evo1_transposon', 'evo2_1b_base', 'evo2_40b', 'evo2_7b', 'evo2_7b_base', 'gena_lm_bert_base', 'gena_lm_bert_base_multi', 'gena_lm_bert_large', 'gena_lm_bigbird_base', 'hyenadna_large_1m', 'hyenadna_medium_160k', 'hyenadna_medium_450k', 'hyenadna_small_32k', 'hyenadna_tiny_1k', 'maccs_fp', 'mhg_gnn', 'minilm_l6_v2', 'minimol', 'mole', 'molformer_base', 'morgan_count_fp', 'morgan_fp', 'nt_2b5_1000g', 'nt_2b5_multi', 'nt_500m_1000g', 'nt_500m_human_ref', 'nt_v2_100m', 'nt_v2_250m', 'nt_v2_500m', 'nt_v2_50m', 'ntv3_100m_pos', 'ntv3_100m_pre', 'ntv3_650m_pos', 'ntv3_650m_pre', 'ntv3_8m_pre', 'prot_t5_xl', 'prot_t5_xl_half', 'rdkit_fp', 'torsion_count_fp', 'torsion_fp']
2026-03-27 09:26:48,869 [INFO] Fetching all protein_coding genes for human...
2026-03-27 09:26:48,869 [INFO] Querying metadata from Release 109...
2026-03-27 09:27:30,815 [INFO] Filtering for biotype: 'protein_coding'
2026-03-27 09:27:30,819 [INFO] Found 20048 genes. Starting REST API downloads...
2026-03-27 09:27:30,819 [WARNING] This involves ~20048 network requests.
2026-03-27 09:28:41,745 [ERROR] Error fetching DNA sequence from Ensembl for 'ENSG00000002726': 429 Client Error: Too Many Requests for url: https://rest.ensembl.org/sequence/id/ENSG00000002726?type=genomic
2026-03-27 09:28:42,837 [ERROR] Error fetching DNA sequence from Ensembl for 'ENSG00000002745': 429 Client Error: Too Many Requests for url: https://rest.ensembl.org/sequence/id/ENSG00000002745?type=genomic
2026-03-27 09:32:31,964 [ERROR] Error fetching DNA sequence from Ensembl for 'ENSG00000005436': 429 Client Error: Too Many Requests for url: https://rest.ensembl.org/lookup/id/ENSG00000005436?expand=1
2026-03-27 09:32:52,775 [INFO] Fetched 100/20048 sequences...
2026-03-27 09:40:33,944 [INFO] Fetched 200/20048 sequences...
2026-03-27 09:50:31,741 [INFO] Fetched 300/20048 sequences...
2026-03-27 09:58:12,892 [INFO] Fetched 400/20048 sequences...
2026-03-27 10:07:22,063 [INFO] Fetched 500/20048 sequences...
2026-03-27 10:16:03,783 [INFO] Fetched 600/20048 sequences...
2026-03-27 10:23:30,874 [INFO] Fetched 700/20048 sequences...
2026-03-27 10:30:25,726 [INFO] Fetched 800/20048 sequences...
2026-03-27 10:33:11,007 [ERROR] Error fetching DNA sequence from Ensembl for 'ENSG00000062650': 429 Client Error: Too Many Requests for url: https://rest.ensembl.org/sequence/id/ENSG00000062650?type=genomic
2026-03-27 10:37:24,634 [INFO] Fetched 900/20048 sequences...
2026-03-27 10:43:22,508 [INFO] Fetched 1000/20048 sequences...
2026-03-27 10:44:25,826 [ERROR] Error fetching DNA sequence from Ensembl for 'ENSG00000067955': 429 Client Error: Too Many Requests for url: https://rest.ensembl.org/lookup/id/ENSG00000067955?expand=1
2026-03-27 10:44:29,832 [ERROR] Error fetching DNA sequence from Ensembl for 'ENSG00000068001': 429 Client Error: Too Many Requests for url: https://rest.ensembl.org/sequence/id/ENSG00000068001?type=genomic
