Fetching 4 files:   0%|          | 0/4 [00:00<?, ?it/s]Fetching 4 files: 100%|██████████| 4/4 [00:00<00:00, 49490.31it/s]
/ictstr01/home/icb/goncalo.pinto/tools/apps/mamba/envs/embpy/lib/python3.12/site-packages/esm/pretrained.py:74: FutureWarning: You are using `torch.load` with `weights_only=False` (the current default value), which uses the default pickle module implicitly. It is possible to construct malicious pickle data which will execute arbitrary code during unpickling (See https://github.com/pytorch/pytorch/blob/main/SECURITY.md#untrusted-models for more details). In a future release, the default value for `weights_only` will be flipped to `True`. This limits the functions that could be executed during unpickling. Arbitrary objects will no longer be allowed to be loaded via this mode unless they are explicitly allowlisted by the user via `torch.serialization.add_safe_globals`. We recommend you start setting `weights_only=True` for any use case where you don't have full control of the loaded file. Please open an issue on GitHub for any issues related to this experimental feature.
  state_dict = torch.load(
Traceback (most recent call last):
  File "/ictstr01/home/icb/goncalo.pinto/tools/apps/mamba/envs/embpy/lib/python3.12/site-packages/embpy/embedder.py", line 362, in embed_genes_batch
    batch_results = inst.embed_batch(inputs=valid_inputs, pooling_strategy=pooling_strategy, **kwargs)
                    ^^^^^^^^^^^^^^^^^^^^^^^^^^^^^^^^^^^^^^^^^^^^^^^^^^^^^^^^^^^^^^^^^^^^^^^^^^^^^^^^^^
  File "/ictstr01/home/icb/goncalo.pinto/tools/apps/mamba/envs/embpy/lib/python3.12/site-packages/embpy/models/protein_models.py", line 410, in embed_batch
    self.embed(
  File "/ictstr01/home/icb/goncalo.pinto/tools/apps/mamba/envs/embpy/lib/python3.12/site-packages/embpy/models/protein_models.py", line 344, in embed
    out: LogitsOutput = self.client.logits(tensor, cfg)
                        ^^^^^^^^^^^^^^^^^^^^^^^^^^^^^^^
  File "/ictstr01/home/icb/goncalo.pinto/tools/apps/mamba/envs/embpy/lib/python3.12/site-packages/esm/models/esmc.py", line 210, in logits
    output = self.forward(sequence_tokens=input.sequence)
             ^^^^^^^^^^^^^^^^^^^^^^^^^^^^^^^^^^^^^^^^^^^^
  File "/ictstr01/home/icb/goncalo.pinto/tools/apps/mamba/envs/embpy/lib/python3.12/site-packages/esm/models/esmc.py", line 154, in forward
    x, _, hiddens = self.transformer(x, sequence_id=sequence_id)
                    ^^^^^^^^^^^^^^^^^^^^^^^^^^^^^^^^^^^^^^^^^^^^
  File "/ictstr01/home/icb/goncalo.pinto/tools/apps/mamba/envs/embpy/lib/python3.12/site-packages/torch/nn/modules/module.py", line 1736, in _wrapped_call_impl
    return self._call_impl(*args, **kwargs)
           ^^^^^^^^^^^^^^^^^^^^^^^^^^^^^^^^
  File "/ictstr01/home/icb/goncalo.pinto/tools/apps/mamba/envs/embpy/lib/python3.12/site-packages/torch/nn/modules/module.py", line 1747, in _call_impl
    return forward_call(*args, **kwargs)
           ^^^^^^^^^^^^^^^^^^^^^^^^^^^^^
  File "/ictstr01/home/icb/goncalo.pinto/tools/apps/mamba/envs/embpy/lib/python3.12/site-packages/esm/layers/transformer_stack.py", line 92, in forward
    x = block(x, sequence_id, affine, affine_mask, chain_id)
        ^^^^^^^^^^^^^^^^^^^^^^^^^^^^^^^^^^^^^^^^^^^^^^^^^^^^
  File "/ictstr01/home/icb/goncalo.pinto/tools/apps/mamba/envs/embpy/lib/python3.12/site-packages/torch/nn/modules/module.py", line 1736, in _wrapped_call_impl
    return self._call_impl(*args, **kwargs)
           ^^^^^^^^^^^^^^^^^^^^^^^^^^^^^^^^
  File "/ictstr01/home/icb/goncalo.pinto/tools/apps/mamba/envs/embpy/lib/python3.12/site-packages/torch/nn/modules/module.py", line 1747, in _call_impl
    return forward_call(*args, **kwargs)
           ^^^^^^^^^^^^^^^^^^^^^^^^^^^^^
  File "/ictstr01/home/icb/goncalo.pinto/tools/apps/mamba/envs/embpy/lib/python3.12/site-packages/esm/layers/blocks.py", line 152, in forward
    r1 = self.attn(x, sequence_id)
         ^^^^^^^^^^^^^^^^^^^^^^^^^
  File "/ictstr01/home/icb/goncalo.pinto/tools/apps/mamba/envs/embpy/lib/python3.12/site-packages/torch/nn/modules/module.py", line 1736, in _wrapped_call_impl
    return self._call_impl(*args, **kwargs)
           ^^^^^^^^^^^^^^^^^^^^^^^^^^^^^^^^
  File "/ictstr01/home/icb/goncalo.pinto/tools/apps/mamba/envs/embpy/lib/python3.12/site-packages/torch/nn/modules/module.py", line 1747, in _call_impl
    return forward_call(*args, **kwargs)
           ^^^^^^^^^^^^^^^^^^^^^^^^^^^^^
  File "/ictstr01/home/icb/goncalo.pinto/tools/apps/mamba/envs/embpy/lib/python3.12/site-packages/esm/layers/attention.py", line 73, in forward
    context_BHLD = F.scaled_dot_product_attention(
                   ^^^^^^^^^^^^^^^^^^^^^^^^^^^^^^^
torch.OutOfMemoryError: CUDA out of memory. Tried to allocate 65.94 GiB. GPU 0 has a total capacity of 31.73 GiB of which 23.10 GiB is free. Including non-PyTorch memory, this process has 8.62 GiB memory in use. Of the allocated memory 4.96 GiB is allocated by PyTorch, and 3.30 GiB is reserved by PyTorch but unallocated. If reserved but unallocated memory is large try setting PYTORCH_CUDA_ALLOC_CONF=expandable_segments:True to avoid fragmentation.  See documentation for Memory Management  (https://pytorch.org/docs/stable/notes/cuda.html#environment-variables)
