Running ESMC Genome Embedding...
INFO:root:CUDA device found, using GPU.
INFO:root:GeneResolver initialized for human (Release 109).
INFO:root:Checking if Ensembl data needs downloading/indexing...
INFO:pyensembl.sequence_data:Loaded sequence dictionary from /home/icb/goncalo.pinto/.cache/pyensembl/GRCh38/ensembl109/Homo_sapiens.GRCh38.cdna.all.fa.gz.pickle
INFO:pyensembl.sequence_data:Loaded sequence dictionary from /home/icb/goncalo.pinto/.cache/pyensembl/GRCh38/ensembl109/Homo_sapiens.GRCh38.ncrna.fa.gz.pickle
INFO:pyensembl.sequence_data:Loaded sequence dictionary from /home/icb/goncalo.pinto/.cache/pyensembl/GRCh38/ensembl109/Homo_sapiens.GRCh38.pep.all.fa.gz.pickle
INFO:root:pyensembl data is ready.
INFO:root:BioEmbedder initialized on device cuda, backend=api
INFO:root:Available models: ['bert_base_uncased', 'borzoi_v0', 'borzoi_v1', 'chemberta2MLM', 'chemberta2MTR', 'enformer_human_rough', 'esm2_150M', 'esm2_35M', 'esm2_3B', 'esm2_650M', 'esm2_8M', 'esmc_300m', 'esmc_600m', 'minilm_l6_v2', 'molformer_base']
INFO:root:Starting genome-wide embedding using esmc_300m...
INFO:root:Loading registered model 'esmc_300m' onto device 'cuda'...
INFO:root:Loading ESMC client 'esmc_300m' onto cuda …
INFO:root:ESMC client loaded successfully.
INFO:root:Model 'esmc_300m' loaded successfully.
INFO:root:Fetching list of all 'protein_coding' genes via API...
INFO:root:Querying metadata from Release 109...
INFO:root:Filtering for biotype: 'protein_coding'
First 5 genes after filtering: [Gene(gene_id='ENSG00000000003', gene_name='TSPAN6', biotype='protein_coding', contig='X', start=100627108, end=100639991, strand='-', genome='GRCh38'), Gene(gene_id='ENSG00000000005', gene_name='TNMD', biotype='protein_coding', contig='X', start=100584936, end=100599885, strand='+', genome='GRCh38'), Gene(gene_id='ENSG00000000419', gene_name='DPM1', biotype='protein_coding', contig='20', start=50934867, end=50959140, strand='-', genome='GRCh38'), Gene(gene_id='ENSG00000000457', gene_name='SCYL3', biotype='protein_coding', contig='1', start=169849631, end=169894267, strand='-', genome='GRCh38'), Gene(gene_id='ENSG00000000460', gene_name='C1orf112', biotype='protein_coding', contig='1', start=169662007, end=169854080, strand='+', genome='GRCh38')]
INFO:root:Found 20048 genes. Starting REST API downloads...
WARNING:root:⚠️ This involves ~20048 network requests.
